<?xml version="1.0" encoding="UTF-8"?>
<testsuite xmlns:xsi="http://www.w3.org/2001/XMLSchema-instance" xsi:noNamespaceSchemaLocation="https://maven.apache.org/surefire/maven-surefire-plugin/xsd/surefire-test-report-3.0.xsd" version="3.0" name="com.ecommerce.util.EcommerceManagementTest" time="0.123" tests="3" errors="0" skipped="0" failures="0">
  <properties>
[...]
</properties>
  <testcase name="testLoginUser" classname="com.ecommerce.util.EcommerceManagementTest" time="0.081">
    <system-out><![CDATA[Product inventory has been restocked with 30 products.
User registered davidmike: David Mike
Login successfull for davidmike
]]></system-out>
  </testcase>
  <testcase name="testRemoveFromCart" classname="com.ecommerce.util.EcommerceManagementTest" time="0.008">
    <system-out><![CDATA[User registered davidmike: David Mike
Cart Item added: CartItem{ProductID=PRD111 product=NordVPN, price =$5.99, quantity=5 Total price: $29.95 }
Cart Item removed: CartItem{ProductID=PRD111 product=NordVPN, price =$5.99, quantity=3 Total price: $17.97 }
]]></system-out>
  </testcase>
  <testcase name="testAddToCart" classname="com.ecommerce.util.EcommerceManagementTest" time="0.003">
    <system-out><![CDATA[User registered davidmike: David Mike
Cart Item added: CartItem{ProductID=PRD101 product=Dell XPS 13, price =$1200.00, quantity=2 Total price: $2400.00 }
]]></system-out>
  </testcase>
</testsuite>